[ 2016-03-27T15:32:09+08:00 ] 127.0.0.1 /%e5%af%84%e7%94%9f%e8%9f%b2/controller/links?url=http://root.com/%E5%AF%84%E7%94%9F%E8%9F%B2/shell/php%E5%AF%84%E7%94%9F%E8%99%AB%E7%A8%8B%E5%BA%8F/&sid=1&class=2$dir=php%E5%AF%84%E7%94%9F%E8%99%AB%E7%A8%8B%E5%BA%8F&title=php%E5%AF%84%E7%94%9F%E8%99%AB%E7%A8%8B%E5%BA%8F
INFO: [ app_init ] --START--
INFO: Run Behavior\BuildLiteBehavior [ RunTime:0.000006s ]
INFO: [ app_init ] --END-- [ RunTime:0.000152s ]
ERR: 无法加载模块:Links

[ 2016-03-27T15:32:09+08:00 ] 127.0.0.1 /%e5%af%84%e7%94%9f%e8%9f%b2/controller/links?url=http://root.com/%E5%AF%84%E7%94%9F%E8%9F%B2/shell/%E9%BB%91%E5%B8%BDseo/&sid=1&class=2$dir=%E9%BB%91%E5%B8%BDseo&title=%E9%BB%91%E5%B8%BDseo
INFO: [ app_init ] --START--
INFO: Run Behavior\BuildLiteBehavior [ RunTime:0.000012s ]
INFO: [ app_init ] --END-- [ RunTime:0.000216s ]
ERR: 无法加载模块:Links

[ 2016-03-27T15:32:09+08:00 ] 127.0.0.1 /%e5%af%84%e7%94%9f%e8%9f%b2/controller/links?url=http://root.com/%E5%AF%84%E7%94%9F%E8%9F%B2/shell/%E5%AF%84%E7%94%9F%E8%99%AB%E8%87%AA%E5%8A%A8%E6%97%A0%E9%99%90%E7%B9%81%E6%AE%96php%E7%89%88/&sid=1&class=2$dir=%E5%AF%84%E7%94%9F%E8%99%AB%E8%87%AA%E5%8A%A8%E6%97%A0%E9%99%90%E7%B9%81%E6%AE%96php%E7%89%88&title=%E5%AF%84%E7%94%9F%E8%99%AB%E8%87%AA%E5%8A%A8%E6%97%A0%E9%99%90%E7%B9%81%E6%AE%96php%E7%89%88
INFO: [ app_init ] --START--
INFO: Run Behavior\BuildLiteBehavior [ RunTime:0.000008s ]
INFO: [ app_init ] --END-- [ RunTime:0.000211s ]
ERR: 无法加载模块:Links

[ 2016-03-27T15:32:09+08:00 ] 127.0.0.1 /%e5%af%84%e7%94%9f%e8%9f%b2/controller/links?url=http://root.com/%E5%AF%84%E7%94%9F%E8%9F%B2/shell/2016%E5%AF%84%E7%94%9F%E8%99%AB%E7%AB%99%E7%BE%A4/&sid=1&class=2$dir=2016%E5%AF%84%E7%94%9F%E8%99%AB%E7%AB%99%E7%BE%A4&title=2016%E5%AF%84%E7%94%9F%E8%99%AB%E7%AB%99%E7%BE%A4
INFO: [ app_init ] --START--
INFO: Run Behavior\BuildLiteBehavior [ RunTime:0.000005s ]
INFO: [ app_init ] --END-- [ RunTime:0.000147s ]
ERR: 无法加载模块:Links

[ 2016-03-27T15:32:09+08:00 ] 127.0.0.1 /%e5%af%84%e7%94%9f%e8%9f%b2/controller/links?url=http://root.com/%E5%AF%84%E7%94%9F%E8%9F%B2/shell/%E8%9C%98%E8%9B%9B%E6%B1%A0/&sid=1&class=2$dir=%E8%9C%98%E8%9B%9B%E6%B1%A0&title=%E8%9C%98%E8%9B%9B%E6%B1%A0
INFO: [ app_init ] --START--
INFO: Run Behavior\BuildLiteBehavior [ RunTime:0.000005s ]
INFO: [ app_init ] --END-- [ RunTime:0.000141s ]
ERR: 无法加载模块:Links

[ 2016-03-27T15:32:09+08:00 ] 127.0.0.1 /%e5%af%84%e7%94%9f%e8%9f%b2/controller/links?url=http://root.com/%E5%AF%84%E7%94%9F%E8%9F%B2/shell/%E9%BB%91%E5%B8%BDseo%E8%BD%AF%E4%BB%B6/&sid=1&class=2$dir=%E9%BB%91%E5%B8%BDseo%E8%BD%AF%E4%BB%B6&title=%E9%BB%91%E5%B8%BDseo%E8%BD%AF%E4%BB%B6
INFO: [ app_init ] --START--
INFO: Run Behavior\BuildLiteBehavior [ RunTime:0.000006s ]
INFO: [ app_init ] --END-- [ RunTime:0.000184s ]
ERR: 无法加载模块:Links

[ 2016-03-27T15:33:16+08:00 ] 127.0.0.1 /%e5%af%84%e7%94%9f%e8%9f%b2/controller/links?url=http://root.com/%E5%AF%84%E7%94%9F%E8%9F%B2/shell/%E5%AF%84%E7%94%9F%E8%99%AB%E8%87%AA%E5%8A%A8%E6%97%A0%E9%99%90%E7%B9%81%E6%AE%96php%E7%89%88/&sid=1&class=2&dir=%E5%AF%84%E7%94%9F%E8%99%AB%E8%87%AA%E5%8A%A8%E6%97%A0%E9%99%90%E7%B9%81%E6%AE%96php%E7%89%88&title=%E5%AF%84%E7%94%9F%E8%99%AB%E8%87%AA%E5%8A%A8%E6%97%A0%E9%99%90%E7%B9%81%E6%AE%96php%E7%89%88
INFO: [ app_init ] --START--
INFO: Run Behavior\BuildLiteBehavior [ RunTime:0.000006s ]
INFO: [ app_init ] --END-- [ RunTime:0.000196s ]
ERR: 无法加载模块:Links

[ 2016-03-27T15:33:16+08:00 ] 127.0.0.1 /%e5%af%84%e7%94%9f%e8%9f%b2/controller/links?url=http://root.com/%E5%AF%84%E7%94%9F%E8%9F%B2/shell/%E9%BB%91%E5%B8%BDseo/&sid=1&class=2&dir=%E9%BB%91%E5%B8%BDseo&title=%E9%BB%91%E5%B8%BDseo
INFO: [ app_init ] --START--
INFO: Run Behavior\BuildLiteBehavior [ RunTime:0.000006s ]
INFO: [ app_init ] --END-- [ RunTime:0.000160s ]
ERR: 无法加载模块:Links

[ 2016-03-27T15:33:16+08:00 ] 127.0.0.1 /%e5%af%84%e7%94%9f%e8%9f%b2/controller/links?url=http://root.com/%E5%AF%84%E7%94%9F%E8%9F%B2/shell/php%E5%AF%84%E7%94%9F%E8%99%AB%E7%A8%8B%E5%BA%8F/&sid=1&class=2&dir=php%E5%AF%84%E7%94%9F%E8%99%AB%E7%A8%8B%E5%BA%8F&title=php%E5%AF%84%E7%94%9F%E8%99%AB%E7%A8%8B%E5%BA%8F
INFO: [ app_init ] --START--
INFO: Run Behavior\BuildLiteBehavior [ RunTime:0.000010s ]
INFO: [ app_init ] --END-- [ RunTime:0.000246s ]
ERR: 无法加载模块:Links

[ 2016-03-27T15:33:16+08:00 ] 127.0.0.1 /%e5%af%84%e7%94%9f%e8%9f%b2/controller/links?url=http://root.com/%E5%AF%84%E7%94%9F%E8%9F%B2/shell/2016%E5%AF%84%E7%94%9F%E8%99%AB%E7%AB%99%E7%BE%A4/&sid=1&class=2&dir=2016%E5%AF%84%E7%94%9F%E8%99%AB%E7%AB%99%E7%BE%A4&title=2016%E5%AF%84%E7%94%9F%E8%99%AB%E7%AB%99%E7%BE%A4
INFO: [ app_init ] --START--
INFO: Run Behavior\BuildLiteBehavior [ RunTime:0.000007s ]
INFO: [ app_init ] --END-- [ RunTime:0.000225s ]
ERR: 无法加载模块:Links

[ 2016-03-27T15:33:16+08:00 ] 127.0.0.1 /%e5%af%84%e7%94%9f%e8%9f%b2/controller/links?url=http://root.com/%E5%AF%84%E7%94%9F%E8%9F%B2/shell/%E8%9C%98%E8%9B%9B%E6%B1%A0/&sid=1&class=2&dir=%E8%9C%98%E8%9B%9B%E6%B1%A0&title=%E8%9C%98%E8%9B%9B%E6%B1%A0
INFO: [ app_init ] --START--
INFO: Run Behavior\BuildLiteBehavior [ RunTime:0.000005s ]
INFO: [ app_init ] --END-- [ RunTime:0.000145s ]
ERR: 无法加载模块:Links

[ 2016-03-27T15:33:16+08:00 ] 127.0.0.1 /%e5%af%84%e7%94%9f%e8%9f%b2/controller/links?url=http://root.com/%E5%AF%84%E7%94%9F%E8%9F%B2/shell/%E9%BB%91%E5%B8%BDseo%E8%BD%AF%E4%BB%B6/&sid=1&class=2&dir=%E9%BB%91%E5%B8%BDseo%E8%BD%AF%E4%BB%B6&title=%E9%BB%91%E5%B8%BDseo%E8%BD%AF%E4%BB%B6
INFO: [ app_init ] --START--
INFO: Run Behavior\BuildLiteBehavior [ RunTime:0.000017s ]
INFO: [ app_init ] --END-- [ RunTime:0.000184s ]
ERR: 无法加载模块:Links

[ 2016-03-27T15:35:08+08:00 ] 127.0.0.1 /%e5%af%84%e7%94%9f%e8%9f%b2/controller/links?url=http://root.com/%E5%AF%84%E7%94%9F%E8%9F%B2/shell/php%E5%AF%84%E7%94%9F%E8%99%AB%E7%A8%8B%E5%BA%8F/&sid=1&class=2&dir=php%E5%AF%84%E7%94%9F%E8%99%AB%E7%A8%8B%E5%BA%8F&title=php%E5%AF%84%E7%94%9F%E8%99%AB%E7%A8%8B%E5%BA%8F
INFO: [ app_init ] --START--
INFO: Run Behavior\BuildLiteBehavior [ RunTime:0.000006s ]
INFO: [ app_init ] --END-- [ RunTime:0.000155s ]
ERR: 无法加载模块:Links

[ 2016-03-27T15:35:08+08:00 ] 127.0.0.1 /%e5%af%84%e7%94%9f%e8%9f%b2/controller/links?url=http://root.com/%E5%AF%84%E7%94%9F%E8%9F%B2/shell/%E5%AF%84%E7%94%9F%E8%99%AB%E8%87%AA%E5%8A%A8%E6%97%A0%E9%99%90%E7%B9%81%E6%AE%96php%E7%89%88/&sid=1&class=2&dir=%E5%AF%84%E7%94%9F%E8%99%AB%E8%87%AA%E5%8A%A8%E6%97%A0%E9%99%90%E7%B9%81%E6%AE%96php%E7%89%88&title=%E5%AF%84%E7%94%9F%E8%99%AB%E8%87%AA%E5%8A%A8%E6%97%A0%E9%99%90%E7%B9%81%E6%AE%96php%E7%89%88
INFO: [ app_init ] --START--
INFO: Run Behavior\BuildLiteBehavior [ RunTime:0.000008s ]
INFO: [ app_init ] --END-- [ RunTime:0.000221s ]
ERR: 无法加载模块:Links

[ 2016-03-27T15:35:08+08:00 ] 127.0.0.1 /%e5%af%84%e7%94%9f%e8%9f%b2/controller/links?url=http://root.com/%E5%AF%84%E7%94%9F%E8%9F%B2/shell/%E9%BB%91%E5%B8%BDseo/&sid=1&class=2&dir=%E9%BB%91%E5%B8%BDseo&title=%E9%BB%91%E5%B8%BDseo
INFO: [ app_init ] --START--
INFO: Run Behavior\BuildLiteBehavior [ RunTime:0.000009s ]
INFO: [ app_init ] --END-- [ RunTime:0.000238s ]
ERR: 无法加载模块:Links

[ 2016-03-27T15:35:08+08:00 ] 127.0.0.1 /%e5%af%84%e7%94%9f%e8%9f%b2/controller/links?url=http://root.com/%E5%AF%84%E7%94%9F%E8%9F%B2/shell/2016%E5%AF%84%E7%94%9F%E8%99%AB%E7%AB%99%E7%BE%A4/&sid=1&class=2&dir=2016%E5%AF%84%E7%94%9F%E8%99%AB%E7%AB%99%E7%BE%A4&title=2016%E5%AF%84%E7%94%9F%E8%99%AB%E7%AB%99%E7%BE%A4
INFO: [ app_init ] --START--
INFO: Run Behavior\BuildLiteBehavior [ RunTime:0.000007s ]
INFO: [ app_init ] --END-- [ RunTime:0.000167s ]
ERR: 无法加载模块:Links

[ 2016-03-27T15:35:08+08:00 ] 127.0.0.1 /%e5%af%84%e7%94%9f%e8%9f%b2/controller/links?url=http://root.com/%E5%AF%84%E7%94%9F%E8%9F%B2/shell/%E9%BB%91%E5%B8%BDseo%E8%BD%AF%E4%BB%B6/&sid=1&class=2&dir=%E9%BB%91%E5%B8%BDseo%E8%BD%AF%E4%BB%B6&title=%E9%BB%91%E5%B8%BDseo%E8%BD%AF%E4%BB%B6
INFO: [ app_init ] --START--
INFO: Run Behavior\BuildLiteBehavior [ RunTime:0.000006s ]
INFO: [ app_init ] --END-- [ RunTime:0.000159s ]
ERR: 无法加载模块:Links

[ 2016-03-27T15:35:08+08:00 ] 127.0.0.1 /%e5%af%84%e7%94%9f%e8%9f%b2/controller/links?url=http://root.com/%E5%AF%84%E7%94%9F%E8%9F%B2/shell/%E8%9C%98%E8%9B%9B%E6%B1%A0/&sid=1&class=2&dir=%E8%9C%98%E8%9B%9B%E6%B1%A0&title=%E8%9C%98%E8%9B%9B%E6%B1%A0
INFO: [ app_init ] --START--
INFO: Run Behavior\BuildLiteBehavior [ RunTime:0.000006s ]
INFO: [ app_init ] --END-- [ RunTime:0.000149s ]
ERR: 无法加载模块:Links

[ 2016-03-27T15:35:20+08:00 ] 127.0.0.1 /%e5%af%84%e7%94%9f%e8%9f%b2/controller/links?url=http://root.com/%E5%AF%84%E7%94%9F%E8%9F%B2/shell/2016%E5%AF%84%E7%94%9F%E8%99%AB%E7%AB%99%E7%BE%A4/&sid=1&class=2&dir=2016%E5%AF%84%E7%94%9F%E8%99%AB%E7%AB%99%E7%BE%A4&title=2016%E5%AF%84%E7%94%9F%E8%99%AB%E7%AB%99%E7%BE%A4
INFO: [ app_init ] --START--
INFO: Run Behavior\BuildLiteBehavior [ RunTime:0.000005s ]
INFO: [ app_init ] --END-- [ RunTime:0.000146s ]
ERR: 无法加载模块:Links

[ 2016-03-27T15:35:36+08:00 ] 127.0.0.1 /%e5%af%84%e7%94%9f%e8%9f%b2/controller/links
INFO: [ app_init ] --START--
INFO: Run Behavior\BuildLiteBehavior [ RunTime:0.000006s ]
INFO: [ app_init ] --END-- [ RunTime:0.000164s ]
ERR: 无法加载模块:Links

[ 2016-03-27T15:37:16+08:00 ] 127.0.0.1 /%E5%AF%84%E7%94%9F%E8%9F%B2/controller/links?url=http://root.com/%E5%AF%84%E7%94%9F%E8%9F%B2/shell/php%E5%AF%84%E7%94%9F%E8%99%AB%E7%A8%8B%E5%BA%8F/&sid=1&class=2&dir=php%E5%AF%84%E7%94%9F%E8%99%AB%E7%A8%8B%E5%BA%8F&title=php%E5%AF%84%E7%94%9F%E8%99%AB%E7%A8%8B%E5%BA%8F
INFO: [ app_init ] --START--
INFO: Run Behavior\BuildLiteBehavior [ RunTime:0.000007s ]
INFO: [ app_init ] --END-- [ RunTime:0.000164s ]
ERR: 无法加载模块:Links

[ 2016-03-27T15:37:16+08:00 ] 127.0.0.1 /%E5%AF%84%E7%94%9F%E8%9F%B2/controller/links?url=http://root.com/%E5%AF%84%E7%94%9F%E8%9F%B2/shell/%E5%AF%84%E7%94%9F%E8%99%AB%E8%87%AA%E5%8A%A8%E6%97%A0%E9%99%90%E7%B9%81%E6%AE%96php%E7%89%88/&sid=1&class=2&dir=%E5%AF%84%E7%94%9F%E8%99%AB%E8%87%AA%E5%8A%A8%E6%97%A0%E9%99%90%E7%B9%81%E6%AE%96php%E7%89%88&title=%E5%AF%84%E7%94%9F%E8%99%AB%E8%87%AA%E5%8A%A8%E6%97%A0%E9%99%90%E7%B9%81%E6%AE%96php%E7%89%88
INFO: [ app_init ] --START--
INFO: Run Behavior\BuildLiteBehavior [ RunTime:0.000007s ]
INFO: [ app_init ] --END-- [ RunTime:0.000220s ]
ERR: 无法加载模块:Links

[ 2016-03-27T15:37:16+08:00 ] 127.0.0.1 /%E5%AF%84%E7%94%9F%E8%9F%B2/controller/links?url=http://root.com/%E5%AF%84%E7%94%9F%E8%9F%B2/shell/%E9%BB%91%E5%B8%BDseo/&sid=1&class=2&dir=%E9%BB%91%E5%B8%BDseo&title=%E9%BB%91%E5%B8%BDseo
INFO: [ app_init ] --START--
INFO: Run Behavior\BuildLiteBehavior [ RunTime:0.000010s ]
INFO: [ app_init ] --END-- [ RunTime:0.000186s ]
ERR: 无法加载模块:Links

[ 2016-03-27T15:37:16+08:00 ] 127.0.0.1 /%E5%AF%84%E7%94%9F%E8%9F%B2/controller/links?url=http://root.com/%E5%AF%84%E7%94%9F%E8%9F%B2/shell/2016%E5%AF%84%E7%94%9F%E8%99%AB%E7%AB%99%E7%BE%A4/&sid=1&class=2&dir=2016%E5%AF%84%E7%94%9F%E8%99%AB%E7%AB%99%E7%BE%A4&title=2016%E5%AF%84%E7%94%9F%E8%99%AB%E7%AB%99%E7%BE%A4
INFO: [ app_init ] --START--
INFO: Run Behavior\BuildLiteBehavior [ RunTime:0.000025s ]
INFO: [ app_init ] --END-- [ RunTime:0.000264s ]
ERR: 无法加载模块:Links

[ 2016-03-27T15:37:16+08:00 ] 127.0.0.1 /%E5%AF%84%E7%94%9F%E8%9F%B2/controller/links?url=http://root.com/%E5%AF%84%E7%94%9F%E8%9F%B2/shell/%E8%9C%98%E8%9B%9B%E6%B1%A0/&sid=1&class=2&dir=%E8%9C%98%E8%9B%9B%E6%B1%A0&title=%E8%9C%98%E8%9B%9B%E6%B1%A0
INFO: [ app_init ] --START--
INFO: Run Behavior\BuildLiteBehavior [ RunTime:0.000006s ]
INFO: [ app_init ] --END-- [ RunTime:0.000229s ]
ERR: 无法加载模块:Links

[ 2016-03-27T15:37:16+08:00 ] 127.0.0.1 /%E5%AF%84%E7%94%9F%E8%9F%B2/controller/links?url=http://root.com/%E5%AF%84%E7%94%9F%E8%9F%B2/shell/%E9%BB%91%E5%B8%BDseo%E8%BD%AF%E4%BB%B6/&sid=1&class=2&dir=%E9%BB%91%E5%B8%BDseo%E8%BD%AF%E4%BB%B6&title=%E9%BB%91%E5%B8%BDseo%E8%BD%AF%E4%BB%B6
INFO: [ app_init ] --START--
INFO: Run Behavior\BuildLiteBehavior [ RunTime:0.000005s ]
INFO: [ app_init ] --END-- [ RunTime:0.000145s ]
ERR: 无法加载模块:Links

