[ 2016-03-25T15:21:38+08:00 ] 127.0.0.1 /%E5%AF%84%E7%94%9F%E8%9F%B2/controller/0...
INFO: [ app_init ] --START--
INFO: Run Behavior\BuildLiteBehavior [ RunTime:0.000006s ]
INFO: [ app_init ] --END-- [ RunTime:0.000143s ]
ERR: 无法加载模块:0..

[ 2016-03-25T15:21:42+08:00 ] 127.0.0.1 /%E5%AF%84%E7%94%9F%E8%9F%B2/controller/0...
INFO: [ app_init ] --START--
INFO: Run Behavior\BuildLiteBehavior [ RunTime:0.000008s ]
INFO: [ app_init ] --END-- [ RunTime:0.000165s ]
ERR: 无法加载模块:0..

[ 2016-03-25T15:22:45+08:00 ] 127.0.0.1 /%E5%AF%84%E7%94%9F%E8%9F%B2/controller/0...
INFO: [ app_init ] --START--
INFO: Run Behavior\BuildLiteBehavior [ RunTime:0.000010s ]
INFO: [ app_init ] --END-- [ RunTime:0.000262s ]
ERR: 无法加载模块:0..

[ 2016-03-25T15:22:48+08:00 ] 127.0.0.1 /%E5%AF%84%E7%94%9F%E8%9F%B2/controller/1
INFO: [ app_init ] --START--
INFO: Run Behavior\BuildLiteBehavior [ RunTime:0.000006s ]
INFO: [ app_init ] --END-- [ RunTime:0.000142s ]
ERR: 无法加载模块:1

[ 2016-03-25T15:24:09+08:00 ] 127.0.0.1 /%E5%AF%84%E7%94%9F%E8%9F%B2/controller/xx
INFO: [ app_init ] --START--
INFO: Run Behavior\BuildLiteBehavior [ RunTime:0.000006s ]
INFO: [ app_init ] --END-- [ RunTime:0.000195s ]
ERR: 无法加载模块:Xx

[ 2016-03-25T15:24:15+08:00 ] 127.0.0.1 /%E5%AF%84%E7%94%9F%E8%9F%B2/controller/xx
INFO: [ app_init ] --START--
INFO: Run Behavior\BuildLiteBehavior [ RunTime:0.000007s ]
INFO: [ app_init ] --END-- [ RunTime:0.000166s ]
ERR: 无法加载模块:Xx

[ 2016-03-25T15:24:16+08:00 ] 127.0.0.1 /%E5%AF%84%E7%94%9F%E8%9F%B2/controller/xx
INFO: [ app_init ] --START--
INFO: Run Behavior\BuildLiteBehavior [ RunTime:0.000006s ]
INFO: [ app_init ] --END-- [ RunTime:0.000186s ]
ERR: 无法加载模块:Xx

[ 2016-03-25T15:24:55+08:00 ] 127.0.0.1 /%E5%AF%84%E7%94%9F%E8%9F%B2/controller/xx
INFO: [ app_init ] --START--
INFO: Run Behavior\BuildLiteBehavior [ RunTime:0.000007s ]
INFO: [ app_init ] --END-- [ RunTime:0.000182s ]
ERR: 无法加载模块:Xx

[ 2016-03-25T15:24:55+08:00 ] 127.0.0.1 /%E5%AF%84%E7%94%9F%E8%9F%B2/controller/xx
INFO: [ app_init ] --START--
INFO: Run Behavior\BuildLiteBehavior [ RunTime:0.000007s ]
INFO: [ app_init ] --END-- [ RunTime:0.000163s ]
ERR: 无法加载模块:Xx

[ 2016-03-25T15:24:58+08:00 ] 127.0.0.1 /%E5%AF%84%E7%94%9F%E8%9F%B2/controller/xx00
INFO: [ app_init ] --START--
INFO: Run Behavior\BuildLiteBehavior [ RunTime:0.000017s ]
INFO: [ app_init ] --END-- [ RunTime:0.000297s ]
ERR: 无法加载模块:Xx00

