[ 2016-04-04T16:41:12+08:00 ] 127.0.0.1 /%E5%AF%84%E7%94%9F%E8%9F%B22/addshell
INFO: [ app_init ] --START--
INFO: Run Behavior\BuildLiteBehavior [ RunTime:0.000008s ]
INFO: [ app_init ] --END-- [ RunTime:0.000171s ]
ERR: 无法加载模块:Addshell

[ 2016-04-04T16:41:18+08:00 ] 127.0.0.1 /%E5%AF%84%E7%94%9F%E8%9F%B22/addshell
INFO: [ app_init ] --START--
INFO: Run Behavior\BuildLiteBehavior [ RunTime:0.000030s ]
INFO: [ app_init ] --END-- [ RunTime:0.000297s ]
ERR: 无法加载模块:Addshell

[ 2016-04-04T16:41:23+08:00 ] 127.0.0.1 /%E5%AF%84%E7%94%9F%E8%9F%B22/addshell
INFO: [ app_init ] --START--
INFO: Run Behavior\BuildLiteBehavior [ RunTime:0.000016s ]
INFO: [ app_init ] --END-- [ RunTime:0.000260s ]
ERR: 无法加载模块:Addshell

[ 2016-04-04T16:41:39+08:00 ] 127.0.0.1 /%E5%AF%84%E7%94%9F%E8%9F%B22/addshell
INFO: [ app_init ] --START--
INFO: Run Behavior\BuildLiteBehavior [ RunTime:0.000007s ]
INFO: [ app_init ] --END-- [ RunTime:0.000165s ]
ERR: 无法加载模块:Addshell

[ 2016-04-04T18:05:50+08:00 ] 127.0.0.1 /%e5%af%84%e7%94%9f%e8%9f%b22/addshell
INFO: [ app_init ] --START--
INFO: Run Behavior\BuildLiteBehavior [ RunTime:0.000007s ]
INFO: [ app_init ] --END-- [ RunTime:0.000169s ]
ERR: 无法加载模块:Addshell

[ 2016-04-04T18:05:53+08:00 ] 127.0.0.1 /%e5%af%84%e7%94%9f%e8%9f%b22/addshell
INFO: [ app_init ] --START--
INFO: Run Behavior\BuildLiteBehavior [ RunTime:0.000006s ]
INFO: [ app_init ] --END-- [ RunTime:0.000152s ]
ERR: 无法加载模块:Addshell

[ 2016-04-04T18:05:59+08:00 ] 127.0.0.1 /%e5%af%84%e7%94%9f%e8%9f%b22/addshell
INFO: [ app_init ] --START--
INFO: Run Behavior\BuildLiteBehavior [ RunTime:0.000005s ]
INFO: [ app_init ] --END-- [ RunTime:0.000149s ]
ERR: 无法加载模块:Addshell

[ 2016-04-04T21:32:20+08:00 ] 127.0.0.1 /%E5%AF%84%E7%94%9F%E8%9F%B22/editshell/sid/19
INFO: [ app_init ] --START--
INFO: Run Behavior\BuildLiteBehavior [ RunTime:0.000005s ]
INFO: [ app_init ] --END-- [ RunTime:0.000140s ]
ERR: 无法加载模块:Editshell

